[debug] [2023-07-23T16:43:19.494Z] ----------------------------------------------------------------------
[debug] [2023-07-23T16:43:19.496Z] Command:       /home/ankit/.nvm/versions/node/v18.17.0/bin/node /home/ankit/.nvm/versions/node/v18.17.0/bin/firebase init
[debug] [2023-07-23T16:43:19.496Z] CLI Version:   12.4.4
[debug] [2023-07-23T16:43:19.496Z] Platform:      linux
[debug] [2023-07-23T16:43:19.497Z] Node Version:  v18.17.0
[debug] [2023-07-23T16:43:19.497Z] Time:          Sun Jul 23 2023 22:13:19 GMT+0530 (India Standard Time)
[debug] [2023-07-23T16:43:19.497Z] ----------------------------------------------------------------------
[debug] 
[debug] [2023-07-23T16:43:19.503Z] > command requires scopes: ["email","openid","https://www.googleapis.com/auth/cloudplatformprojects.readonly","https://www.googleapis.com/auth/firebase","https://www.googleapis.com/auth/cloud-platform"]
[debug] [2023-07-23T16:43:19.504Z] > authorizing via signed-in user (ankit.k.j1999@gmail.com)
[info] 
     ######## #### ########  ######## ########     ###     ######  ########
     ##        ##  ##     ## ##       ##     ##  ##   ##  ##       ##
     ######    ##  ########  ######   ########  #########  ######  ######
     ##        ##  ##    ##  ##       ##     ## ##     ##       ## ##
     ##       #### ##     ## ######## ########  ##     ##  ######  ########

You're about to initialize a Firebase project in this directory:

  /mnt/D0D26A84D26A6EA2/Document/GitHub/web_links/build/web

Before we get started, keep in mind:

  * You are currently outside your home directory

[info] 
=== Project Setup
[info] 
[info] First, let's associate this project directory with a Firebase project.
[info] You can create multiple project aliases by running firebase use --add, 
[info] but for now we'll just set up a default project.
[info] 
[debug] [2023-07-23T16:43:25.263Z] > refreshing access token with scopes: []
[debug] [2023-07-23T16:43:25.271Z] >>> [apiv2][query] POST https://www.googleapis.com/oauth2/v3/token [none]
[debug] [2023-07-23T16:43:25.272Z] >>> [apiv2][body] POST https://www.googleapis.com/oauth2/v3/token [omitted]
[debug] [2023-07-23T16:43:25.573Z] <<< [apiv2][status] POST https://www.googleapis.com/oauth2/v3/token 200
[debug] [2023-07-23T16:43:25.574Z] <<< [apiv2][body] POST https://www.googleapis.com/oauth2/v3/token [omitted]
[debug] [2023-07-23T16:43:25.584Z] >>> [apiv2][query] GET https://firebase.googleapis.com/v1beta1/projects pageSize=100
[debug] [2023-07-23T16:43:26.389Z] <<< [apiv2][status] GET https://firebase.googleapis.com/v1beta1/projects 200
[debug] [2023-07-23T16:43:26.390Z] <<< [apiv2][body] GET https://firebase.googleapis.com/v1beta1/projects [omitted]
[info] i  Using project ankit-kumar-cv (Ankit Kumar CV) 
[info] 
=== Hosting Setup
[info] 
[info] Your public directory is the folder (relative to your project directory) that
[info] will contain Hosting assets to be uploaded with firebase deploy. If you
[info] have a build process for your assets, use your build's output directory.
[info] 
[debug] [2023-07-23T16:43:55.666Z] >>> [apiv2][query] GET https://www.gstatic.com/firebasejs/releases.json [none]
[debug] [2023-07-23T16:43:55.786Z] <<< [apiv2][status] GET https://www.gstatic.com/firebasejs/releases.json 200
[debug] [2023-07-23T16:43:55.787Z] <<< [apiv2][body] GET https://www.gstatic.com/firebasejs/releases.json {"current":{"version":"10.1.0","browserURL":"https://www.gstatic.com/firebasejs/10.1.0/firebase.js","packageURL":"https://www.gstatic.com/firebasejs/10.1.0/firebase.tgz"},"live":{"version":"10.1","browserURL":"https://www.gstatic.com/firebasejs/live/10.1/firebase.js","packageURL":"https://www.gstatic.com/firebasejs/live/10.1/firebase.tgz"},"components":{"analytics":"https://www.gstatic.com/firebasejs/10.1.0/firebase-analytics.js","app":"https://www.gstatic.com/firebasejs/10.1.0/firebase-app.js","app-check":"https://www.gstatic.com/firebasejs/10.1.0/firebase-app-check.js","auth":"https://www.gstatic.com/firebasejs/10.1.0/firebase-auth.js","auth/cordova":"https://www.gstatic.com/firebasejs/10.1.0/firebase-auth/cordova.js","functions":"https://www.gstatic.com/firebasejs/10.1.0/firebase-functions.js","firestore":"https://www.gstatic.com/firebasejs/10.1.0/firebase-firestore.js","firestore/lite":"https://www.gstatic.com/firebasejs/10.1.0/firebase-firestore/lite.js","installations":"https://www.gstatic.com/firebasejs/10.1.0/firebase-installations.js","storage":"https://www.gstatic.com/firebasejs/10.1.0/firebase-storage.js","performance":"https://www.gstatic.com/firebasejs/10.1.0/firebase-performance.js","remote-config":"https://www.gstatic.com/firebasejs/10.1.0/firebase-remote-config.js","messaging":"https://www.gstatic.com/firebasejs/10.1.0/firebase-messaging.js","messaging/sw":"https://www.gstatic.com/firebasejs/10.1.0/firebase-messaging/sw.js","database":"https://www.gstatic.com/firebasejs/10.1.0/firebase-database.js","firestore.memory":"https://www.gstatic.com/firebasejs/10.1.0/firebase-firestore.memory.js"}}
[info] ✔  Wrote public/index.html 
[info] 
[info] i  Didn't detect a .git folder. Assuming /mnt/D0D26A84D26A6EA2/Document/GitHub/web_links/build/web is the project root. 
[info] i  Authorizing with GitHub to upload your service account to a GitHub repository's secrets store. 
[info] 
[info] Visit this URL on this device to log in:
[info] https://github.com/login/oauth/authorize?client_id=89cf50f02ac6aaed3484&state=551621702&redirect_uri=http%3A%2F%2Flocalhost%3A9005&scope=read%3Auser%20repo%20public_repo
[info] 
[info] Waiting for authentication...
[debug] [2023-07-23T16:44:32.170Z] >>> [apiv2][query] POST https://github.com/login/oauth/access_token [none]
[debug] [2023-07-23T16:44:32.170Z] >>> [apiv2][body] POST https://github.com/login/oauth/access_token [stream]
[debug] [2023-07-23T16:44:32.631Z] <<< [apiv2][status] POST https://github.com/login/oauth/access_token 200
[debug] [2023-07-23T16:44:32.632Z] <<< [apiv2][body] POST https://github.com/login/oauth/access_token {"access_token":"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","token_type":"bearer","scope":"read:user,repo"}
[debug] [2023-07-23T16:44:32.658Z] >>> [apiv2][query] GET https://api.github.com/user [none]
[debug] [2023-07-23T16:44:33.118Z] <<< [apiv2][status] GET https://api.github.com/user 200
[debug] [2023-07-23T16:44:33.119Z] <<< [apiv2][body] GET https://api.github.com/user {"login":"Ankitkj1999","id":57802410,"node_id":"MDQ6VXNlcjU3ODAyNDEw","avatar_url":"https://avatars.githubusercontent.com/u/57802410?v=4","gravatar_id":"","url":"https://api.github.com/users/Ankitkj1999","html_url":"https://github.com/Ankitkj1999","followers_url":"https://api.github.com/users/Ankitkj1999/followers","following_url":"https://api.github.com/users/Ankitkj1999/following{/other_user}","gists_url":"https://api.github.com/users/Ankitkj1999/gists{/gist_id}","starred_url":"https://api.github.com/users/Ankitkj1999/starred{/owner}{/repo}","subscriptions_url":"https://api.github.com/users/Ankitkj1999/subscriptions","organizations_url":"https://api.github.com/users/Ankitkj1999/orgs","repos_url":"https://api.github.com/users/Ankitkj1999/repos","events_url":"https://api.github.com/users/Ankitkj1999/events{/privacy}","received_events_url":"https://api.github.com/users/Ankitkj1999/received_events","type":"User","site_admin":false,"name":"Ankit Kumar","company":null,"blog":"ankitkumar.app","location":"New Delhi","email":null,"hireable":true,"bio":"Hey! i am Ankit Kumar, a student of Lovely Professional University. Currently majoring in computer science.","twitter_username":null,"public_repos":89,"public_gists":1,"followers":4,"following":6,"created_at":"2019-11-15T14:11:28Z","updated_at":"2023-07-18T12:23:06Z","private_gists":1,"total_private_repos":24,"owned_private_repos":23,"disk_usage":1135627,"collaborators":0,"two_factor_authentication":true,"plan":{"name":"pro","space":976562499,"collaborators":0,"private_repos":9999}}
[info] 
[info] ✔  Success! Logged into GitHub as Ankitkj1999 
[info] 
